<?xml version="1.0" encoding="UTF-8" ?>
<testsuite tests="3" failures="0" name="com.bigtobster.pgnextractalt.commands.PGNIOCommandsTest" time="0.216" errors="0" skipped="0">
	<properties>
[...]
</properties>
	<testcase classname="com.bigtobster.pgnextractalt.commands.PGNIOCommandsTest" name="exportBeforeImportTest" time="0.068"/>
	<testcase classname="com.bigtobster.pgnextractalt.commands.PGNIOCommandsTest" name="importTest" time="0.054"/>
	<testcase classname="com.bigtobster.pgnextractalt.commands.PGNIOCommandsTest" name="exportAfterImportTest" time="0.094"/>
</testsuite>